<?xml version="1.0" encoding="UTF-8"?>
<!-- Generated by org.testng.reporters.JUnitReportReporter -->
<testsuite hostname="DESKTOP-O9F17IQ" failures="0" tests="1" name="testCases.TC_017_ViewBasketDetailsTest" time="5.472" errors="0" timestamp="2025-03-27T16:57:16 IST" skipped="0">
  <testcase classname="testCases.TC_017_ViewBasketDetailsTest" name="testViewBasketDetails" time="5.472"/>
</testsuite> <!-- testCases.TC_017_ViewBasketDetailsTest -->
