<?xml version="1.0" encoding="UTF-8"?>
<!-- Generated by org.testng.reporters.JUnitReportReporter -->
<testsuite hostname="DESKTOP-O9F17IQ" failures="0" tests="1" name="testCases.TC_001_BSKT__SuccessfulLoginTest" time="2.485" errors="0" timestamp="2025-03-27T16:57:16 IST" skipped="0">
  <testcase classname="testCases.TC_001_BSKT__SuccessfulLoginTest" name="verifySuccessfulLogin" time="2.485"/>
</testsuite> <!-- testCases.TC_001_BSKT__SuccessfulLoginTest -->
