<?xml version="1.0" encoding="UTF-8"?>
<!-- Generated by org.testng.reporters.JUnitReportReporter -->
<testsuite hostname="DESKTOP-O9F17IQ" failures="0" tests="1" name="testCases.TC_030_FilterBasketsByRiskHighTest" time="9.457" errors="0" timestamp="2025-03-28T19:56:24 IST" skipped="0">
  <testcase classname="testCases.TC_030_FilterBasketsByRiskHighTest" name="testFilterBasketsByRiskHigh" time="9.457"/>
</testsuite> <!-- testCases.TC_030_FilterBasketsByRiskHighTest -->
