<?xml version="1.0" encoding="UTF-8"?>
<!-- Generated by org.testng.reporters.JUnitReportReporter -->
<testsuite hostname="DESKTOP-O9F17IQ" failures="0" tests="1" name="testCases.TC_023_ValidateBasketFiltersTest" time="8.355" errors="0" timestamp="2025-03-28T00:58:34 IST" skipped="0">
  <testcase classname="testCases.TC_023_ValidateBasketFiltersTest" name="ValidateBasketFiltersTest" time="8.355"/>
</testsuite> <!-- testCases.TC_023_ValidateBasketFiltersTest -->
