<?xml version="1.0" encoding="UTF-8"?>
<!-- Generated by org.testng.reporters.JUnitReportReporter -->
<testsuite hostname="DESKTOP-O9F17IQ" failures="0" tests="1" name="testCases.TC_025_SortBasketsByCAGRTest" time="22.285" errors="0" timestamp="2025-03-28T16:40:27 IST" skipped="0">
  <testcase classname="testCases.TC_025_SortBasketsByCAGRTest" name="testSortBasketsByCAGR" time="22.285"/>
</testsuite> <!-- testCases.TC_025_SortBasketsByCAGRTest -->
