<?xml version="1.0" encoding="UTF-8"?>
<!-- Generated by org.testng.reporters.JUnitReportReporter -->
<testsuite hostname="DESKTOP-O9F17IQ" failures="0" tests="1" name="testCases.TC_005_BSKT_CreateFundManagerTest" time="10.633" errors="0" timestamp="2025-03-12T19:21:14 IST" skipped="0">
  <testcase classname="testCases.TC_005_BSKT_CreateFundManagerTest" name="createFundManager" time="10.633"/>
</testsuite> <!-- testCases.TC_005_BSKT_CreateFundManagerTest -->
