<?xml version="1.0" encoding="UTF-8"?>
<!-- Generated by org.testng.reporters.JUnitReportReporter -->
<testsuite hostname="DESKTOP-O9F17IQ" failures="0" tests="1" name="testCases.TC_031_FilterBasketsByWeeklyRebalanceTest" time="10.301" errors="0" timestamp="2025-03-29T00:17:06 IST" skipped="0">
  <testcase classname="testCases.TC_031_FilterBasketsByWeeklyRebalanceTest" name="testFilterBasketsByWeeklyRebalance" time="10.301"/>
</testsuite> <!-- testCases.TC_031_FilterBasketsByWeeklyRebalanceTest -->
