<?xml version="1.0" encoding="UTF-8"?>
<!-- Generated by org.testng.reporters.JUnitReportReporter -->
<testsuite hostname="DESKTOP-O9F17IQ" failures="0" tests="1" name="testCases.TC_009_BSKT_ApprovePendingBasketTest" time="8.688" errors="0" timestamp="2025-03-24T15:33:47 IST" skipped="0">
  <testcase classname="testCases.TC_009_BSKT_ApprovePendingBasketTest" name="approvePendingBasket" time="8.688"/>
</testsuite> <!-- testCases.TC_009_BSKT_ApprovePendingBasketTest -->
