<?xml version="1.0" encoding="UTF-8"?>
<!-- Generated by org.testng.reporters.JUnitReportReporter -->
<testsuite hostname="DESKTOP-O9F17IQ" failures="0" tests="1" name="testCases.TC_013_BSKT_AdminViewFundManagerDetails" time="7.578" errors="0" timestamp="2025-03-24T18:28:59 IST" skipped="0">
  <testcase classname="testCases.TC_013_BSKT_AdminViewFundManagerDetails" name="viewFundManagerDetails" time="7.578"/>
</testsuite> <!-- testCases.TC_013_BSKT_AdminViewFundManagerDetails -->
