<?xml version="1.0" encoding="UTF-8"?>
<!-- Generated by org.testng.reporters.JUnitReportReporter -->
<testsuite hostname="DESKTOP-O9F17IQ" failures="0" tests="1" name="testCases.TC_011_BSKT_AdminRejectsBasketTest" time="10.572" errors="0" timestamp="2025-03-18T17:12:18 IST" skipped="0">
  <testcase classname="testCases.TC_011_BSKT_AdminRejectsBasketTest" name="rejectPendingBasket" time="10.572"/>
</testsuite> <!-- testCases.TC_011_BSKT_AdminRejectsBasketTest -->
