<?xml version="1.0" encoding="UTF-8"?>
<!-- Generated by org.testng.reporters.JUnitReportReporter -->
<testsuite hostname="DESKTOP-O9F17IQ" failures="0" tests="1" name="testCases.TC_018_AdminPausesBasketTest" time="9.482" errors="0" timestamp="2025-03-25T17:32:44 IST" skipped="0">
  <testcase classname="testCases.TC_018_AdminPausesBasketTest" name="testAdminPausesBasket" time="9.482"/>
</testsuite> <!-- testCases.TC_018_AdminPausesBasketTest -->
