<?xml version="1.0" encoding="UTF-8"?>
<!-- Generated by org.testng.reporters.JUnitReportReporter -->
<testsuite hostname="DESKTOP-O9F17IQ" failures="0" tests="1" name="testCases.TC_008_BSKT_InvalidEmailTest" time="9.212" errors="0" timestamp="2025-03-15T17:53:26 IST" skipped="0">
  <testcase classname="testCases.TC_008_BSKT_InvalidEmailTest" name="createFundManagerWithInvalidEmail" time="9.212"/>
</testsuite> <!-- testCases.TC_008_BSKT_InvalidEmailTest -->
