<?xml version="1.0" encoding="UTF-8"?>
<!-- Generated by org.testng.reporters.JUnitReportReporter -->
<testsuite hostname="DESKTOP-O9F17IQ" failures="0" tests="1" name="testCases.TC_016_EditFundManagerDetailsTest" time="6.260" errors="0" timestamp="2025-03-25T01:13:29 IST" skipped="0">
  <testcase classname="testCases.TC_016_EditFundManagerDetailsTest" name="testDuplicateMobileNumberValidation" time="6.260"/>
</testsuite> <!-- testCases.TC_016_EditFundManagerDetailsTest -->
