<?xml version="1.0" encoding="UTF-8"?>
<!-- Generated by org.testng.reporters.JUnitReportReporter -->
<testsuite hostname="DESKTOP-O9F17IQ" failures="0" tests="1" name="testCases.TC_029_FilterBasketsByRiskMediumTest" time="9.360" errors="0" timestamp="2025-03-28T19:52:06 IST" skipped="0">
  <testcase classname="testCases.TC_029_FilterBasketsByRiskMediumTest" name="testFilterBasketsByRiskMedium" time="9.360"/>
</testsuite> <!-- testCases.TC_029_FilterBasketsByRiskMediumTest -->
