<?xml version="1.0" encoding="UTF-8"?>
<!-- Generated by org.testng.reporters.JUnitReportReporter -->
<testsuite hostname="DESKTOP-O9F17IQ" failures="0" tests="1" name="testCases.TC_034_ValidateImageUploadFundManagerTest" time="8.058" errors="0" timestamp="2025-03-29T14:43:33 IST" skipped="0">
  <testcase classname="testCases.TC_034_ValidateImageUploadFundManagerTest" name="testValidateImageUploadForFundManager" time="8.058"/>
</testsuite> <!-- testCases.TC_034_ValidateImageUploadFundManagerTest -->
