<?xml version="1.0" encoding="UTF-8"?>
<!-- Generated by org.testng.reporters.JUnitReportReporter -->
<testsuite hostname="DESKTOP-O9F17IQ" failures="0" tests="1" name="testCases.TC_032_FilterBasketsByBiWeeklyRebalanceTest" time="10.350" errors="0" timestamp="2025-03-29T00:17:56 IST" skipped="0">
  <testcase classname="testCases.TC_032_FilterBasketsByBiWeeklyRebalanceTest" name="testFilterBasketsByWeeklyRebalance" time="10.350"/>
</testsuite> <!-- testCases.TC_032_FilterBasketsByBiWeeklyRebalanceTest -->
