<?xml version="1.0" encoding="UTF-8"?>
<!-- Generated by org.testng.reporters.JUnitReportReporter -->
<testsuite hostname="DESKTOP-O9F17IQ" failures="0" tests="1" name="testCases.TC_022_BSKT_SortBasketsByStockCount" time="10.851" errors="0" timestamp="2025-03-27T16:49:29 IST" skipped="0">
  <testcase classname="testCases.TC_022_BSKT_SortBasketsByStockCount" name="verifySortingByStockCount" time="10.851"/>
</testsuite> <!-- testCases.TC_022_BSKT_SortBasketsByStockCount -->
