<?xml version="1.0" encoding="UTF-8"?>
<!-- Generated by org.testng.reporters.JUnitReportReporter -->
<testsuite hostname="DESKTOP-O9F17IQ" failures="0" tests="1" name="testCases.TC_015_DuplicateMobileNumberTest" time="6.576" errors="0" timestamp="2025-03-27T18:49:34 IST" skipped="0">
  <testcase classname="testCases.TC_015_DuplicateMobileNumberTest" name="testDuplicateMobileNumberValidation" time="6.576"/>
</testsuite> <!-- testCases.TC_015_DuplicateMobileNumberTest -->
