<?xml version="1.0" encoding="UTF-8"?>
<!-- Generated by org.testng.reporters.JUnitReportReporter -->
<testsuite hostname="DESKTOP-O9F17IQ" failures="0" tests="1" name="testCases.TC_027_FilterBasketsByFreeSubscriptionTest" time="10.646" errors="0" timestamp="2025-03-28T18:52:49 IST" skipped="0">
  <testcase classname="testCases.TC_027_FilterBasketsByFreeSubscriptionTest" name="testFilterBasketsBySubscriptionFree" time="10.646"/>
</testsuite> <!-- testCases.TC_027_FilterBasketsByFreeSubscriptionTest -->
