<?xml version="1.0" encoding="UTF-8"?>
<!-- Generated by org.testng.reporters.JUnitReportReporter -->
<testsuite hostname="DESKTOP-O9F17IQ" failures="0" tests="1" name="testCases.TC_004_BSKT_CreateFundManagerPageTest" time="5.008" errors="0" timestamp="2025-03-12T16:50:09 IST" skipped="0">
  <testcase classname="testCases.TC_004_BSKT_CreateFundManagerPageTest" name="verifyCreateFundManagerPage" time="5.008"/>
</testsuite> <!-- testCases.TC_004_BSKT_CreateFundManagerPageTest -->
