<?xml version="1.0" encoding="UTF-8"?>
<!-- Generated by org.testng.reporters.JUnitReportReporter -->
<testsuite hostname="DESKTOP-O9F17IQ" failures="0" tests="1" name="testCases.TC_021_BSKT_SortBasketsByName" time="10.375" errors="0" timestamp="2025-03-27T15:17:07 IST" skipped="0">
  <testcase classname="testCases.TC_021_BSKT_SortBasketsByName" name="verifyBasketsSortingByName" time="10.375"/>
</testsuite> <!-- testCases.TC_021_BSKT_SortBasketsByName -->
