<?xml version="1.0" encoding="UTF-8"?>
<!-- Generated by org.testng.reporters.JUnitReportReporter -->
<testsuite hostname="DESKTOP-O9F17IQ" failures="0" tests="1" name="testCases.TC_009_BSKT_ApprovePendingBasketTest" time="7.939" errors="0" timestamp="2025-03-27T16:57:16 IST" skipped="0">
  <testcase classname="testCases.TC_009_BSKT_ApprovePendingBasketTest" name="approvePendingBasket" time="7.939"/>
</testsuite> <!-- testCases.TC_009_BSKT_ApprovePendingBasketTest -->
