<?xml version="1.0" encoding="UTF-8"?>
<!-- Generated by org.testng.reporters.JUnitReportReporter -->
<testsuite hostname="DESKTOP-O9F17IQ" failures="0" tests="1" name="testCases.TC_014_EditFundManagerTest" time="8.532" errors="0" timestamp="2025-03-24T20:23:11 IST" skipped="0">
  <testcase classname="testCases.TC_014_EditFundManagerTest" name="testEditFundManagerDetails" time="8.532"/>
</testsuite> <!-- testCases.TC_014_EditFundManagerTest -->
