<?xml version="1.0" encoding="UTF-8"?>
<!-- Generated by org.testng.reporters.JUnitReportReporter -->
<testsuite hostname="DESKTOP-O9F17IQ" failures="0" tests="1" name="testCases.TC_024_SortBasketsByMinInvestmentTest" time="11.823" errors="0" timestamp="2025-03-28T15:37:25 IST" skipped="0">
  <testcase classname="testCases.TC_024_SortBasketsByMinInvestmentTest" name="sortBasketsByMinInvestmentAmount" time="11.823"/>
</testsuite> <!-- testCases.TC_024_SortBasketsByMinInvestmentTest -->
