<?xml version="1.0" encoding="UTF-8"?>
<!-- Generated by org.testng.reporters.JUnitReportReporter -->
<testsuite hostname="DESKTOP-O9F17IQ" failures="0" tests="1" name="testCases.TC_033_FilterBasketsByMonthlyRebalanceTest" time="10.002" errors="0" timestamp="2025-03-29T00:22:19 IST" skipped="0">
  <testcase classname="testCases.TC_033_FilterBasketsByMonthlyRebalanceTest" name="testFilterBasketsByMonthlyRebalance" time="10.002"/>
</testsuite> <!-- testCases.TC_033_FilterBasketsByMonthlyRebalanceTest -->
