<?xml version="1.0" encoding="UTF-8"?>
<!-- Generated by org.testng.reporters.JUnitReportReporter -->
<testsuite hostname="DESKTOP-O9F17IQ" failures="0" tests="1" name="testCases.TC_026_FilterBasketsBySubscriptionTest" time="9.027" errors="0" timestamp="2025-03-28T18:33:01 IST" skipped="0">
  <testcase classname="testCases.TC_026_FilterBasketsBySubscriptionTest" name="testFilterBasketsBySubscription" time="9.027"/>
</testsuite> <!-- testCases.TC_026_FilterBasketsBySubscriptionTest -->
