<?xml version="1.0" encoding="UTF-8"?>
<!-- Generated by org.testng.reporters.JUnitReportReporter -->
<testsuite hostname="DESKTOP-O9F17IQ" failures="0" tests="1" name="testCases.TC_017_ViewBasketDetailsTest" time="10.341" errors="0" timestamp="2025-03-25T15:21:44 IST" skipped="0">
  <testcase classname="testCases.TC_017_ViewBasketDetailsTest" name="testViewBasketDetails" time="10.341"/>
</testsuite> <!-- testCases.TC_017_ViewBasketDetailsTest -->
