<?xml version="1.0" encoding="UTF-8"?>
<!-- Generated by org.testng.reporters.JUnitReportReporter -->
<testsuite hostname="DESKTOP-O9F17IQ" failures="0" tests="1" name="testCases.TC_028_FilterBasketsByRiskLowTest" time="9.305" errors="0" timestamp="2025-03-28T19:37:29 IST" skipped="0">
  <testcase classname="testCases.TC_028_FilterBasketsByRiskLowTest" name="testFilterBasketsByRiskLow" time="9.305"/>
</testsuite> <!-- testCases.TC_028_FilterBasketsByRiskLowTest -->
