<?xml version="1.0" encoding="UTF-8"?>
<!-- Generated by org.testng.reporters.JUnitReportReporter -->
<testsuite hostname="DESKTOP-O9F17IQ" failures="0" tests="1" name="testCases.TC_015_DuplicateMobileNumberTest" time="4.934" errors="0" timestamp="2025-03-25T00:42:48 IST" skipped="0">
  <testcase classname="testCases.TC_015_DuplicateMobileNumberTest" name="testDuplicateMobileNumberValidation" time="4.934"/>
</testsuite> <!-- testCases.TC_015_DuplicateMobileNumberTest -->
