<?xml version="1.0" encoding="UTF-8"?>
<!-- Generated by org.testng.reporters.JUnitReportReporter -->
<testsuite hostname="DESKTOP-O9F17IQ" failures="0" tests="1" name="testCases.TC_005_BSKT_CreateFundManagerTest" time="13.180" errors="0" timestamp="2025-03-14T00:45:15 IST" skipped="0">
  <testcase classname="testCases.TC_005_BSKT_CreateFundManagerTest" name="createFundManager" time="13.180"/>
</testsuite> <!-- testCases.TC_005_BSKT_CreateFundManagerTest -->
